<?xml version="1.0" encoding="UTF-8"?>
<!-- Generated by org.testng.reporters.JUnitReportReporter -->
<testsuite hostname="DESKTOP-U57OPRT" failures="0" tests="4" name="api.test.User_Test" time="7.823" errors="0" timestamp="2023-07-14T13:40:22 IST" skipped="0">
  <testcase classname="api.test.User_Test" name="TestPostUser" time="1.507"/>
  <system-out/>
  <testcase classname="api.test.User_Test" name="TestGetUser" time="1.676"/>
  <system-out/>
  <testcase classname="api.test.User_Test" name="TestUpdateUser" time="3.130"/>
  <system-out/>
  <testcase classname="api.test.User_Test" name="TestDeleteUser" time="1.510"/>
  <system-out/>
</testsuite> <!-- api.test.User_Test -->
