<?xml version="1.0" encoding="UTF-8"?>
<!-- Generated by org.testng.reporters.JUnitReportReporter -->
<testsuite hostname="DESKTOP-U57OPRT" failures="0" tests="4" name="api.test.User_Test2" time="8.019" errors="0" timestamp="2023-07-14T13:40:22 IST" skipped="0">
  <testcase classname="api.test.User_Test2" name="TestPostUser" time="1.783"/>
  <system-out/>
  <testcase classname="api.test.User_Test2" name="TestGetUser" time="1.516"/>
  <system-out/>
  <testcase classname="api.test.User_Test2" name="TestUpdateUser" time="3.177"/>
  <system-out/>
  <testcase classname="api.test.User_Test2" name="TestDeleteUser" time="1.543"/>
  <system-out/>
</testsuite> <!-- api.test.User_Test2 -->
