<?xml version="1.0" encoding="UTF-8"?>
<!-- Generated by org.testng.reporters.JUnitReportReporter -->
<testsuite hostname="DESKTOP-U57OPRT" failures="0" tests="1" name="api.payloads.sample" time="0.325" errors="0" timestamp="2023-07-13T18:50:00 IST" skipped="0">
  <testcase classname="api.payloads.sample" name="sample2" time="0.325"/>
  <system-out/>
</testsuite> <!-- api.payloads.sample -->
