<?xml version="1.0" encoding="UTF-8"?>
<!-- Generated by org.testng.reporters.JUnitReportReporter -->
<testsuite hostname="DESKTOP-U57OPRT" failures="0" tests="4" name="api.test.Store_Test" time="14.383" errors="0" timestamp="2023-07-14T13:40:22 IST" skipped="0">
  <testcase classname="api.test.Store_Test" name="TestPostOrder" time="9.170"/>
  <system-out/>
  <testcase classname="api.test.Store_Test" name="TestGetOrder" time="1.709"/>
  <system-out/>
  <testcase classname="api.test.Store_Test" name="TestDeleteOrder" time="1.923"/>
  <system-out/>
  <testcase classname="api.test.Store_Test" name="TestGetInventory" time="1.581"/>
  <system-out/>
</testsuite> <!-- api.test.Store_Test -->
