<?xml version="1.0" encoding="UTF-8"?>
<!-- Generated by org.testng.reporters.JUnitReportReporter -->
<testsuite hostname="DESKTOP-U57OPRT" failures="0" tests="6" name="api.test.Data_driven_User_Test" time="25.216" errors="0" timestamp="2023-07-12T16:06:54 IST" skipped="0">
  <testcase classname="api.test.Data_driven_User_Test" name="Test_Post_user" time="15.513"/>
  <system-out/>
  <testcase classname="api.test.Data_driven_User_Test" name="Test_Post_user" time="1.769"/>
  <system-out/>
  <testcase classname="api.test.Data_driven_User_Test" name="Test_Post_user" time="1.746"/>
  <system-out/>
  <testcase classname="api.test.Data_driven_User_Test" name="Test_Delete_user" time="1.729"/>
  <system-out/>
  <testcase classname="api.test.Data_driven_User_Test" name="Test_Delete_user" time="1.997"/>
  <system-out/>
  <testcase classname="api.test.Data_driven_User_Test" name="Test_Delete_user" time="2.462"/>
  <system-out/>
</testsuite> <!-- api.test.Data_driven_User_Test -->
