<?xml version="1.0" encoding="UTF-8"?>
<!-- Generated by org.testng.reporters.JUnitReportReporter -->
<testsuite hostname="DESKTOP-U57OPRT" failures="0" tests="4" name="api.test.User_Test" time="25.464" errors="0" timestamp="2023-07-12T17:26:00 IST" skipped="0">
  <testcase classname="api.test.User_Test" name="TestPostUser" time="18.168"/>
  <system-out/>
  <testcase classname="api.test.User_Test" name="TestGetUser" time="2.034"/>
  <system-out/>
  <testcase classname="api.test.User_Test" name="TestUpdateUser" time="3.456"/>
  <system-out/>
  <testcase classname="api.test.User_Test" name="TestDeleteUser" time="1.806"/>
  <system-out/>
</testsuite> <!-- api.test.User_Test -->
