<?xml version="1.0" encoding="UTF-8"?>
<!-- Generated by org.testng.reporters.JUnitReportReporter -->
<testsuite hostname="DESKTOP-U57OPRT" failures="0" tests="4" name="api.test.User_Test2" time="23.832" errors="0" timestamp="2023-07-12T19:08:10 IST" skipped="0">
  <testcase classname="api.test.User_Test2" name="TestPostUser" time="15.361"/>
  <system-out/>
  <testcase classname="api.test.User_Test2" name="TestGetUser" time="2.672"/>
  <system-out/>
  <testcase classname="api.test.User_Test2" name="TestUpdateUser" time="3.659"/>
  <system-out/>
  <testcase classname="api.test.User_Test2" name="TestDeleteUser" time="2.140"/>
  <system-out/>
</testsuite> <!-- api.test.User_Test2 -->
