<?xml version="1.0" encoding="UTF-8"?>
<!-- Generated by org.testng.reporters.JUnitReportReporter -->
<testsuite hostname="DESKTOP-U57OPRT" failures="0" tests="6" name="api.test.Data_driven_User_Test" time="9.571" errors="0" timestamp="2023-07-14T13:40:22 IST" skipped="0">
  <testcase classname="api.test.Data_driven_User_Test" name="Test_Post_user" time="1.615"/>
  <system-out/>
  <testcase classname="api.test.Data_driven_User_Test" name="Test_Post_user" time="1.639"/>
  <system-out/>
  <testcase classname="api.test.Data_driven_User_Test" name="Test_Post_user" time="1.613"/>
  <system-out/>
  <testcase classname="api.test.Data_driven_User_Test" name="Test_Delete_user" time="1.622"/>
  <system-out/>
  <testcase classname="api.test.Data_driven_User_Test" name="Test_Delete_user" time="1.552"/>
  <system-out/>
  <testcase classname="api.test.Data_driven_User_Test" name="Test_Delete_user" time="1.530"/>
  <system-out/>
</testsuite> <!-- api.test.Data_driven_User_Test -->
