<?xml version="1.0" encoding="UTF-8"?>
<!-- Generated by org.testng.reporters.JUnitReportReporter -->
<testsuite hostname="DESKTOP-U57OPRT" failures="0" tests="4" name="api.test.User_Test2" time="29.580" errors="0" timestamp="2023-07-13T11:45:31 IST" skipped="0">
  <testcase classname="api.test.User_Test2" name="TestPostUser" time="19.204"/>
  <system-out/>
  <testcase classname="api.test.User_Test2" name="TestGetUser" time="3.141"/>
  <system-out/>
  <testcase classname="api.test.User_Test2" name="TestUpdateUser" time="4.283"/>
  <system-out/>
  <testcase classname="api.test.User_Test2" name="TestDeleteUser" time="2.952"/>
  <system-out/>
</testsuite> <!-- api.test.User_Test2 -->
